0 info it worked if it ends with ok
1 verbose cli [ '/usr/bin/node', '/usr/bin/npm', 'install', 'phantomjs', '-g' ]
2 info using npm@1.4.28
3 info using node@v0.10.38
4 verbose node symlink /usr/bin/node
5 verbose cache add [ 'phantomjs', null ]
6 verbose cache add name=undefined spec="phantomjs" args=["phantomjs",null]
7 verbose parsed url { protocol: null,
7 verbose parsed url   slashes: null,
7 verbose parsed url   auth: null,
7 verbose parsed url   host: null,
7 verbose parsed url   port: null,
7 verbose parsed url   hostname: null,
7 verbose parsed url   hash: null,
7 verbose parsed url   search: null,
7 verbose parsed url   query: null,
7 verbose parsed url   pathname: 'phantomjs',
7 verbose parsed url   path: 'phantomjs',
7 verbose parsed url   href: 'phantomjs' }
8 silly lockFile 30d7cd7d-phantomjs phantomjs
9 verbose lock phantomjs /home/martin/.npm/30d7cd7d-phantomjs.lock
10 silly lockFile 30d7cd7d-phantomjs phantomjs
11 silly lockFile 30d7cd7d-phantomjs phantomjs
12 verbose addNamed [ 'phantomjs', '' ]
13 verbose addNamed [ null, '*' ]
14 silly lockFile 29cf7fd6-phantomjs phantomjs@
15 verbose lock phantomjs@ /home/martin/.npm/29cf7fd6-phantomjs.lock
16 silly addNameRange { name: 'phantomjs', range: '*', hasData: false }
17 verbose request where is /phantomjs
18 verbose request registry https://registry.npmjs.org/
19 verbose request id 9dc556a916b1080f
20 verbose url raw /phantomjs
21 verbose url resolving [ 'https://registry.npmjs.org/', './phantomjs' ]
22 verbose url resolved https://registry.npmjs.org/phantomjs
23 verbose request where is https://registry.npmjs.org/phantomjs
24 info trying registry request attempt 1 at 10:10:19
25 http GET https://registry.npmjs.org/phantomjs
26 http 200 https://registry.npmjs.org/phantomjs
27 silly registry.get cb [ 200,
27 silly registry.get   { server: 'CouchDB/1.5.0 (Erlang OTP/R16B03)',
27 silly registry.get     etag: '"7YXE3FG9OISR7K6EOAY5UBN8G"',
27 silly registry.get     'content-type': 'application/json',
27 silly registry.get     'cache-control': 'max-age=300',
27 silly registry.get     'content-length': '108071',
27 silly registry.get     'accept-ranges': 'bytes',
27 silly registry.get     date: 'Mon, 07 Mar 2016 10:10:20 GMT',
27 silly registry.get     via: '1.1 varnish',
27 silly registry.get     age: '300',
27 silly registry.get     connection: 'keep-alive',
27 silly registry.get     'x-served-by': 'cache-lhr6324-LHR',
27 silly registry.get     'x-cache': 'HIT',
27 silly registry.get     'x-cache-hits': '1',
27 silly registry.get     'x-timer': 'S1457345420.585207,VS0,VE0',
27 silly registry.get     vary: 'Accept' } ]
28 silly addNameRange number 2 { name: 'phantomjs', range: '*', hasData: true }
29 silly addNameRange versions [ 'phantomjs',
29 silly addNameRange   [ '0.0.1',
29 silly addNameRange     '0.0.2',
29 silly addNameRange     '0.0.3',
29 silly addNameRange     '0.0.4',
29 silly addNameRange     '0.0.5',
29 silly addNameRange     '0.0.6',
29 silly addNameRange     '0.0.7',
29 silly addNameRange     '0.0.8',
29 silly addNameRange     '0.0.9',
29 silly addNameRange     '0.1.0',
29 silly addNameRange     '0.1.1',
29 silly addNameRange     '0.2.0',
29 silly addNameRange     '0.2.1',
29 silly addNameRange     '0.2.2',
29 silly addNameRange     '0.2.3',
29 silly addNameRange     '0.2.4',
29 silly addNameRange     '0.2.5',
29 silly addNameRange     '0.2.6',
29 silly addNameRange     '1.8.0-1',
29 silly addNameRange     '1.8.1-1',
29 silly addNameRange     '1.8.1-2',
29 silly addNameRange     '1.8.1-3',
29 silly addNameRange     '1.8.2-0',
29 silly addNameRange     '1.8.2-1',
29 silly addNameRange     '1.8.2-2',
29 silly addNameRange     '1.9.0-0',
29 silly addNameRange     '1.9.0-1',
29 silly addNameRange     '1.9.0-2',
29 silly addNameRange     '1.9.0-3',
29 silly addNameRange     '1.9.0-4',
29 silly addNameRange     '1.9.0-5',
29 silly addNameRange     '1.9.0-6',
29 silly addNameRange     '1.9.1-0',
29 silly addNameRange     '1.9.1-2',
29 silly addNameRange     '1.9.1-3',
29 silly addNameRange     '1.9.1-4',
29 silly addNameRange     '1.9.1-5',
29 silly addNameRange     '1.9.1-6',
29 silly addNameRange     '1.9.1-7',
29 silly addNameRange     '1.9.1-8',
29 silly addNameRange     '1.9.1-9',
29 silly addNameRange     '1.9.2-0',
29 silly addNameRange     '1.9.2-1',
29 silly addNameRange     '1.9.2-2',
29 silly addNameRange     '1.9.2-3',
29 silly addNameRange     '1.9.2-4',
29 silly addNameRange     '1.9.2-5',
29 silly addNameRange     '1.9.2-6',
29 silly addNameRange     '1.9.6-0',
29 silly addNameRange     '1.9.7-1',
29 silly addNameRange     '1.9.7-3',
29 silly addNameRange     '1.9.7-4',
29 silly addNameRange     '1.9.7-5',
29 silly addNameRange     '1.9.7-6',
29 silly addNameRange     '1.9.7-7',
29 silly addNameRange     '1.9.7-8',
29 silly addNameRange     '1.9.7-9',
29 silly addNameRange     '1.9.7-10',
29 silly addNameRange     '1.9.7-11',
29 silly addNameRange     '1.9.7-12',
29 silly addNameRange     '1.9.7-13',
29 silly addNameRange     '1.9.7-14',
29 silly addNameRange     '1.9.7-15',
29 silly addNameRange     '1.8.2-3',
29 silly addNameRange     '1.9.8',
29 silly addNameRange     '1.9.9',
29 silly addNameRange     '1.9.10',
29 silly addNameRange     '1.9.11',
29 silly addNameRange     '1.9.12',
29 silly addNameRange     '1.9.13',
29 silly addNameRange     '1.9.15',
29 silly addNameRange     '1.9.16',
29 silly addNameRange     '1.9.17',
29 silly addNameRange     '1.9.18',
29 silly addNameRange     '1.9.19',
29 silly addNameRange     '2.1.1',
29 silly addNameRange     '2.1.2',
29 silly addNameRange     '2.1.3-deprecated',
29 silly addNameRange     '2.1.3' ] ]
30 verbose addNamed [ 'phantomjs', '2.1.3' ]
31 verbose addNamed [ '2.1.3', '2.1.3' ]
32 silly lockFile c0810634-phantomjs-2-1-3 phantomjs@2.1.3
33 verbose lock phantomjs@2.1.3 /home/martin/.npm/c0810634-phantomjs-2-1-3.lock
34 warn deprecated phantomjs@2.1.3: Package renamed to phantomjs-prebuilt. Please update 'phantomjs' package references to 'phantomjs-prebuilt'
35 silly lockFile 926020a5-rg-phantomjs-phantomjs-2-1-3-tgz https://registry.npmjs.org/phantomjs/-/phantomjs-2.1.3.tgz
36 verbose lock https://registry.npmjs.org/phantomjs/-/phantomjs-2.1.3.tgz /home/martin/.npm/926020a5-rg-phantomjs-phantomjs-2-1-3-tgz.lock
37 verbose addRemoteTarball [ 'https://registry.npmjs.org/phantomjs/-/phantomjs-2.1.3.tgz',
37 verbose addRemoteTarball   '330c254837c474ec022b70fa1e9b6202309e7556' ]
38 info retry fetch attempt 1 at 10:10:20
39 verbose fetch to= /tmp/npm-21513-7uy6akGR/registry.npmjs.org/phantomjs/-/phantomjs-2.1.3.tgz
40 http GET https://registry.npmjs.org/phantomjs/-/phantomjs-2.1.3.tgz
41 http 200 https://registry.npmjs.org/phantomjs/-/phantomjs-2.1.3.tgz
42 silly lockFile 926020a5-rg-phantomjs-phantomjs-2-1-3-tgz https://registry.npmjs.org/phantomjs/-/phantomjs-2.1.3.tgz
43 silly lockFile 926020a5-rg-phantomjs-phantomjs-2-1-3-tgz https://registry.npmjs.org/phantomjs/-/phantomjs-2.1.3.tgz
44 silly lockFile c0810634-phantomjs-2-1-3 phantomjs@2.1.3
45 silly lockFile c0810634-phantomjs-2-1-3 phantomjs@2.1.3
46 silly lockFile 29cf7fd6-phantomjs phantomjs@
47 silly lockFile 29cf7fd6-phantomjs phantomjs@
48 silly resolved [ { name: 'phantomjs',
48 silly resolved     version: '2.1.3',
48 silly resolved     keywords: [ 'phantomjs', 'headless', 'webkit' ],
48 silly resolved     description: 'Headless WebKit with JS API',
48 silly resolved     homepage: 'https://github.com/Medium/phantomjs',
48 silly resolved     repository: { type: 'git', url: 'git://github.com/Medium/phantomjs.git' },
48 silly resolved     license: 'Apache-2.0',
48 silly resolved     author:
48 silly resolved      { name: 'Dan Pupius',
48 silly resolved        email: 'dan@obvious.com',
48 silly resolved        url: 'http://pupius.co.uk' },
48 silly resolved     maintainers: [ [Object], [Object], [Object] ],
48 silly resolved     main: 'lib/phantomjs',
48 silly resolved     bin: { phantomjs: './bin/phantomjs' },
48 silly resolved     scripts:
48 silly resolved      { install: 'node install.js',
48 silly resolved        test: 'nodeunit --reporter=minimal test/tests.js && eslint install.js' },
48 silly resolved     dependencies:
48 silly resolved      { 'adm-zip': '~0.4.7',
48 silly resolved        'fs-extra': '~0.26.4',
48 silly resolved        kew: '~0.7.0',
48 silly resolved        md5: '~2.0.0',
48 silly resolved        progress: '~1.1.8',
48 silly resolved        request: '~2.67.0',
48 silly resolved        'request-progress': '~2.0.1',
48 silly resolved        which: '~1.2.2' },
48 silly resolved     devDependencies: { eslint: '1.10.3', nodeunit: '0.9.1' },
48 silly resolved     gitHead: '1c3cb052b3e4c318aaf6e0102d9a900af41f5f7b',
48 silly resolved     bugs: { url: 'https://github.com/Medium/phantomjs/issues' },
48 silly resolved     _id: 'phantomjs@2.1.3',
48 silly resolved     _shasum: '330c254837c474ec022b70fa1e9b6202309e7556',
48 silly resolved     _from: 'phantomjs@',
48 silly resolved     _npmVersion: '2.14.7',
48 silly resolved     _nodeVersion: '4.2.3',
48 silly resolved     _npmUser: { name: 'nicks', email: 'nicholas.j.santos@gmail.com' },
48 silly resolved     dist:
48 silly resolved      { shasum: '330c254837c474ec022b70fa1e9b6202309e7556',
48 silly resolved        tarball: 'http://registry.npmjs.org/phantomjs/-/phantomjs-2.1.3.tgz' },
48 silly resolved     deprecated: 'Package renamed to phantomjs-prebuilt. Please update \'phantomjs\' package references to \'phantomjs-prebuilt\'',
48 silly resolved     directories: {},
48 silly resolved     _resolved: 'https://registry.npmjs.org/phantomjs/-/phantomjs-2.1.3.tgz' } ]
49 info install phantomjs@2.1.3 into /usr/lib
50 info installOne phantomjs@2.1.3
51 verbose lib/node_modules/phantomjs unbuild
52 verbose tar unpack /home/martin/.npm/phantomjs/2.1.3/package.tgz
53 silly lockFile ce07c23f-r-usr-lib-node-modules-phantomjs tar:///usr/lib/node_modules/phantomjs
54 verbose lock tar:///usr/lib/node_modules/phantomjs /home/martin/.npm/ce07c23f-r-usr-lib-node-modules-phantomjs.lock
55 silly lockFile 350a5bc8--npm-phantomjs-2-1-3-package-tgz tar:///home/martin/.npm/phantomjs/2.1.3/package.tgz
56 verbose lock tar:///home/martin/.npm/phantomjs/2.1.3/package.tgz /home/martin/.npm/350a5bc8--npm-phantomjs-2-1-3-package-tgz.lock
57 silly gunzTarPerm modes [ '775', '664' ]
58 error Error: EACCES, mkdir '/usr/lib/node_modules/phantomjs'
58 error  { [Error: EACCES, mkdir '/usr/lib/node_modules/phantomjs']
58 error   errno: 3,
58 error   code: 'EACCES',
58 error   path: '/usr/lib/node_modules/phantomjs',
58 error   fstream_type: 'Directory',
58 error   fstream_path: '/usr/lib/node_modules/phantomjs',
58 error   fstream_class: 'DirWriter',
58 error   fstream_stack:
58 error    [ '/usr/lib/node_modules/npm/node_modules/fstream/lib/dir-writer.js:36:23',
58 error      '/usr/lib/node_modules/npm/node_modules/mkdirp/index.js:46:53',
58 error      'Object.oncomplete (fs.js:108:15)' ] }
59 error Please try running this command again as root/Administrator.
60 error System Linux 3.8.11
61 error command "/usr/bin/node" "/usr/bin/npm" "install" "phantomjs" "-g"
62 error cwd /home/martin/Downloads/xx2
63 error node -v v0.10.38
64 error npm -v 1.4.28
65 error path /usr/lib/node_modules/phantomjs
66 error fstream_path /usr/lib/node_modules/phantomjs
67 error fstream_type Directory
68 error fstream_class DirWriter
69 error code EACCES
70 error errno 3
71 error stack Error: EACCES, mkdir '/usr/lib/node_modules/phantomjs'
72 error fstream_stack /usr/lib/node_modules/npm/node_modules/fstream/lib/dir-writer.js:36:23
72 error fstream_stack /usr/lib/node_modules/npm/node_modules/mkdirp/index.js:46:53
72 error fstream_stack Object.oncomplete (fs.js:108:15)
73 verbose exit [ 3, true ]
